###############################################################
#  Generated by:      Cadence Encounter 14.13-s036_1
#  OS:                Linux x86_64(Host ID ssh-soc)
#  Generated on:      Sun Dec  1 17:27:40 2019
#  Design:            fsm_map
#  Command:           verifyGeometry -report ./out/encounter.geometry.rpt
###############################################################

EndOfLine: Pin of Cell g4144 & Pin of Cell FILLER_impl0_28  ( Metal1 )
Bounds : ( 15.965, 8.850 ) ( 16.040, 8.910 )
Actual:     0.075     Min:     0.08     Type: End Of Line

EndOfLine: Pin of Cell FILLER_impl0_28 & Pin of Cell FILLER_impl0_28  ( Metal1 )
Bounds : ( 16.070, 8.780 ) ( 16.130, 8.850 )
Actual:     0.07     Min:     0.08     Type: End Of Line ParallelEdge


Begin Summary ...
  Cells       : 0
  SameNet     : 0
  Wiring      : 2
  Antenna     : 0
  Short       : 0
  Overlap     : 0
End Summary

  Total Violations : 2 Viols.
